<?xml version="1.0" encoding="UTF-8"?>
<!-- Generated by org.testng.reporters.JUnitXMLReporter -->
<testsuite hostname="ANVER-PC" ignored="0" name="Default test" tests="2" failures="0" timestamp="03 Aug 2021 19:03:05 GMT" time="17.193" errors="0">
  <testcase name="verifyDropDownstatusPaid" time="1.884" classname="validationsOfManageOrderPage.VerifySearchListOrders"/>
  <testcase name="verifySearchofOrdersInList" time="1.183" classname="validationsOfManageOrderPage.VerifySearchListOrders"/>
</testsuite> <!-- Default test -->
