<?xml version="1.0" encoding="UTF-8"?>
<!-- Generated by org.testng.reporters.JUnitXMLReporter -->
<testsuite hostname="ANVER-PC" ignored="0" name="adminUsers" tests="2" failures="2" timestamp="08 Aug 2021 04:51:53 GMT" time="0.242" errors="0">
  <testcase name="verifyNewUserCreate" time="0.113" classname="validationsOfAdminUsersPage.CreateAndDeleteAUser">
    <failure type="java.lang.NullPointerException">
      <![CDATA[java.lang.NullPointerException
at org.openqa.selenium.support.pagefactory.DefaultElementLocator.findElement(DefaultElementLocator.java:69)
at org.openqa.selenium.support.pagefactory.internal.LocatingElementHandler.invoke(LocatingElementHandler.java:38)
at com.sun.proxy.$Proxy12.click(Unknown Source)
at pages7daySuperMarket.AdminUsersPage.clickOnNewUserButton(AdminUsersPage.java:144)
at validationsOfAdminUsersPage.CreateAndDeleteAUser.verifyNewUserCreate(CreateAndDeleteAUser.java:20)
at java.util.concurrent.ThreadPoolExecutor.runWorker(Unknown Source)
at java.util.concurrent.ThreadPoolExecutor$Worker.run(Unknown Source)
at java.lang.Thread.run(Unknown Source)
... Removed 10 stack frames]]>
    </failure>
  </testcase> <!-- verifyNewUserCreate -->
  <testcase name="verifyDeleteOfUser" time="0.009" classname="validationsOfAdminUsersPage.CreateAndDeleteAUser">
    <failure type="java.lang.NullPointerException">
      <![CDATA[java.lang.NullPointerException
at org.openqa.selenium.support.pagefactory.DefaultElementLocator.findElement(DefaultElementLocator.java:69)
at org.openqa.selenium.support.pagefactory.internal.LocatingElementHandler.invoke(LocatingElementHandler.java:38)
at com.sun.proxy.$Proxy12.click(Unknown Source)
at pages7daySuperMarket.AdminUsersPage.doDelete(AdminUsersPage.java:80)
at validationsOfAdminUsersPage.CreateAndDeleteAUser.verifyDeleteOfUser(CreateAndDeleteAUser.java:34)
at java.util.concurrent.ThreadPoolExecutor.runWorker(Unknown Source)
at java.util.concurrent.ThreadPoolExecutor$Worker.run(Unknown Source)
at java.lang.Thread.run(Unknown Source)
... Removed 10 stack frames]]>
    </failure>
  </testcase> <!-- verifyDeleteOfUser -->
</testsuite> <!-- adminUsers -->
