<?xml version="1.0" encoding="UTF-8"?>
<!-- Generated by org.testng.reporters.JUnitXMLReporter -->
<testsuite hostname="ANVER-PC" ignored="0" name="DashBoard" tests="1" failures="1" timestamp="08 Aug 2021 04:51:53 GMT" time="0.016" errors="0">
  <testcase name="isAdminImageDisplayed" time="0.005" classname="validationsOfDashBoardPage.DashBoardPageTest">
    <failure type="java.lang.NullPointerException">
      <![CDATA[java.lang.NullPointerException
at org.openqa.selenium.support.pagefactory.DefaultElementLocator.findElement(DefaultElementLocator.java:69)
at org.openqa.selenium.support.pagefactory.internal.LocatingElementHandler.invoke(LocatingElementHandler.java:38)
at com.sun.proxy.$Proxy12.isDisplayed(Unknown Source)
at pages7daySuperMarket.DashBoardPage.adminImageDisplayed(DashBoardPage.java:31)
at validationsOfDashBoardPage.DashBoardPageTest.isAdminImageDisplayed(DashBoardPageTest.java:15)
at java.util.concurrent.ThreadPoolExecutor.runWorker(Unknown Source)
at java.util.concurrent.ThreadPoolExecutor$Worker.run(Unknown Source)
at java.lang.Thread.run(Unknown Source)
... Removed 10 stack frames]]>
    </failure>
  </testcase> <!-- isAdminImageDisplayed -->
</testsuite> <!-- DashBoard -->
