<?xml version="1.0" encoding="UTF-8"?>
<!-- Generated by org.testng.reporters.JUnitXMLReporter -->
<testsuite hostname="ANVER-PC" ignored="0" name="Test1Chrome" tests="8" failures="1" timestamp="07 Aug 2021 19:17:59 GMT" time="67.416" errors="0">
  <testcase name="verifyResetButton" time="2.155" classname="validationsOfAdminUsersPage.VerifyResetButton"/>
  <testcase name="verifyNewUserCreate" time="4.373" classname="validationsOfAdminUsersPage.CreateAndDeleteAUser"/>
  <testcase name="verifynewUsers" time="8.969" classname="validationsOfAdminUsersPage.UserCanCreateDifferentUsers">
    <failure type="java.lang.AssertionError" message="expected [fathima_166596] but found [Fathima123]">
      <![CDATA[java.lang.AssertionError: expected [fathima_166596] but found [Fathima123]
at validationsOfAdminUsersPage.UserCanCreateDifferentUsers.verifynewUsers(UserCanCreateDifferentUsers.java:31)
at java.util.concurrent.ThreadPoolExecutor.runWorker(Unknown Source)
at java.util.concurrent.ThreadPoolExecutor$Worker.run(Unknown Source)
at java.lang.Thread.run(Unknown Source)
... Removed 16 stack frames]]>
    </failure>
  </testcase> <!-- verifynewUsers -->
  <testcase name="verifynewUsers" time="2.394" classname="validationsOfAdminUsersPage.UserCanCreateDifferentUsers"/>
  <testcase name="verifynewUsers" time="2.441" classname="validationsOfAdminUsersPage.UserCanCreateDifferentUsers"/>
  <testcase name="verifynewUsers" time="2.474" classname="validationsOfAdminUsersPage.UserCanCreateDifferentUsers"/>
  <testcase name="verifynewUsers" time="4.635" classname="validationsOfAdminUsersPage.UserCanCreateDifferentUsers"/>
  <testcase name="verifyDeleteOfUser" time="1.291" classname="validationsOfAdminUsersPage.CreateAndDeleteAUser"/>
</testsuite> <!-- Test1Chrome -->
