<?xml version="1.0" encoding="UTF-8"?>
<!-- Generated by org.testng.reporters.JUnitXMLReporter -->
<testsuite hostname="ANVER-PC" ignored="0" name="validationOfAdminUserspage" tests="3" failures="0" timestamp="08 Aug 2021 12:38:36 GMT" time="48.96" errors="0">
  <testcase name="verifyNewUserCreate" time="3.148" classname="validationsOfAdminUsersPage.CreateAndDeleteAUser"/>
  <testcase name="verifyResetButton" time="1.955" classname="validationsOfAdminUsersPage.VerifyResetButton"/>
  <testcase name="verifyDeleteOfUser" time="2.03" classname="validationsOfAdminUsersPage.CreateAndDeleteAUser"/>
</testsuite> <!-- validationOfAdminUserspage -->
