<?xml version="1.0" encoding="UTF-8"?>
<!-- Generated by org.testng.reporters.JUnitXMLReporter -->
<testsuite hostname="ANVER-PC" ignored="0" name="Test" tests="23" failures="2" timestamp="2021-08-08T22:28:55 IST" time="237.549" errors="0">
  <testcase name="verifySearchButtonInAdminUsersPage" time="9.252" classname="validationsOfAdminUsersPage.verifyCreateAndSearchOfUsers"/>
  <testcase name="verifySearchButtonInAdminUsersPage" time="4.008" classname="validationsOfAdminUsersPage.verifyCreateAndSearchOfUsers"/>
  <testcase name="verifySearchButtonInAdminUsersPage" time="4.223" classname="validationsOfAdminUsersPage.verifyCreateAndSearchOfUsers"/>
  <testcase name="verifySearchButtonInAdminUsersPage" time="4.497" classname="validationsOfAdminUsersPage.verifyCreateAndSearchOfUsers"/>
  <testcase name="verifySearchButtonInAdminUsersPage" time="4.205" classname="validationsOfAdminUsersPage.verifyCreateAndSearchOfUsers"/>
  <testcase name="verifySearchButtonInAdminUsersPage" time="4.239" classname="validationsOfAdminUsersPage.verifyCreateAndSearchOfUsers"/>
  <testcase name="verifySearchButtonInAdminUsersPage" time="4.053" classname="validationsOfAdminUsersPage.verifyCreateAndSearchOfUsers"/>
  <testcase name="verifySearchButtonInAdminUsersPage" time="4.103" classname="validationsOfAdminUsersPage.verifyCreateAndSearchOfUsers"/>
  <testcase name="verifyResetButton" time="1.662" classname="validationsOfAdminUsersPage.VerifyResetButton"/>
  <testcase name="verifyDashBoardPage" time="0.129" classname="validattionsOfLoginPage.LoginPageTest"/>
  <testcase name="verifynewUsers" time="3.431" classname="validationsOfAdminUsersPage.UserCanCreateDifferentUsers"/>
  <testcase name="verifynewUsers" time="3.031" classname="validationsOfAdminUsersPage.UserCanCreateDifferentUsers"/>
  <testcase name="verifynewUsers" time="2.718" classname="validationsOfAdminUsersPage.UserCanCreateDifferentUsers"/>
  <testcase name="verifynewUsers" time="2.848" classname="validationsOfAdminUsersPage.UserCanCreateDifferentUsers"/>
  <testcase name="verifynewUsers" time="3.016" classname="validationsOfAdminUsersPage.UserCanCreateDifferentUsers"/>
  <testcase name="verifyDropDownstatusPaid" time="2.582" classname="validationsOfManageOrderPage.VerifySearchListOrders"/>
  <testcase name="verifySearchofOrdersInList" time="1.318" classname="validationsOfManageOrderPage.VerifySearchListOrders"/>
  <testcase name="verifyNewCategoryAdding" time="4.251" classname="validationsOfManageCategoryPage.AddNewCategory">
    <failure type="java.lang.AssertionError" message="expected [true] but found [false]">
      <![CDATA[java.lang.AssertionError: expected [true] but found [false]
at validationsOfManageCategoryPage.AddNewCategory.verifyNewCategoryAdding(AddNewCategory.java:22)
at java.util.ArrayList.forEach(ArrayList.java:1259)
... Removed 34 stack frames]]>
    </failure>
  </testcase> <!-- verifyNewCategoryAdding -->
  <testcase name="verifyNewUserCreate" time="2.679" classname="validationsOfAdminUsersPage.CreateAndDeleteAUser"/>
  <testcase name="verifyDeleteOfUser" time="1.678" classname="validationsOfAdminUsersPage.CreateAndDeleteAUser"/>
  <testcase name="verifyImageUpload" time="3.124" classname="validationsOfMobileSliderPage.ImageUpload">
    <failure type="java.lang.AssertionError" message="expected [ï¿½
Alert!
Mobile Slider Created Successfully] but found [�
Alert!
Mobile Slider Created Successfully]">
      <![CDATA[java.lang.AssertionError: expected [ï¿½
Alert!
Mobile Slider Created Successfully] but found [�
Alert!
Mobile Slider Created Successfully]
at validationsOfMobileSliderPage.ImageUpload.verifyImageUpload(ImageUpload.java:37)
at java.util.ArrayList.forEach(ArrayList.java:1259)
... Removed 36 stack frames]]>
    </failure>
  </testcase> <!-- verifyImageUpload -->
  <testcase name="isAdminImageDisplayed" time="0.159" classname="validationsOfDashBoardPage.DashBoardPageTest"/>
  <testcase name="validateResetButton" time="2.677" classname="validationsOfManageOrderPage.verifyResetButton"/>
</testsuite> <!-- Test -->
