<?xml version="1.0" encoding="UTF-8"?>
<testng-results skipped="0" failed="1" ignored="0" total="15" passed="14">
  <reporter-output>
  </reporter-output>
  <suite name="Suite" duration-ms="132264" started-at="2021-08-08T02:21:33 IST" finished-at="2021-08-08T02:23:45 IST">
    <groups>
      <group name="Regression">
        <method signature="CreateAndDeleteAUser.verifyDeleteOfUser()[pri:1, instance:validationsOfAdminUsersPage.CreateAndDeleteAUser@eec5a4a]" name="verifyDeleteOfUser" class="validationsOfAdminUsersPage.CreateAndDeleteAUser"/>
      </group> <!-- Regression -->
      <group name="Smoke">
        <method signature="CreateAndDeleteAUser.verifyNewUserCreate()[pri:0, instance:validationsOfAdminUsersPage.CreateAndDeleteAUser@eec5a4a]" name="verifyNewUserCreate" class="validationsOfAdminUsersPage.CreateAndDeleteAUser"/>
        <method signature="DashBoardPageTest.isAdminImageDisplayed()[pri:0, instance:validationsOfDashBoardPage.DashBoardPageTest@6ddf90b0]" name="isAdminImageDisplayed" class="validationsOfDashBoardPage.DashBoardPageTest"/>
        <method signature="VerifyResetButton.verifyResetButton()[pri:0, instance:validationsOfAdminUsersPage.VerifyResetButton@6f1fba17]" name="verifyResetButton" class="validationsOfAdminUsersPage.VerifyResetButton"/>
      </group> <!-- Smoke -->
    </groups>
    <test name="Test" duration-ms="132264" started-at="2021-08-08T02:21:33 IST" finished-at="2021-08-08T02:23:45 IST">
      <class name="validationsOfManageOrderPage.VerifySearchListOrders">
        <test-method status="PASS" signature="initializeDriver(java.lang.String)[pri:0, instance:validationsOfManageOrderPage.VerifySearchListOrders@335eadca]" name="initializeDriver" is-config="true" duration-ms="3228" started-at="2021-08-08T02:22:39 IST" finished-at="2021-08-08T02:22:42 IST">
          <params>
            <param index="0">
              <value>
                <![CDATA[chrome]]>
              </value>
            </param>
          </params>
          <reporter-output>
          </reporter-output>
        </test-method> <!-- initializeDriver -->
        <test-method status="PASS" signature="NavigateToAdminUserPage()[pri:0, instance:validationsOfManageOrderPage.VerifySearchListOrders@335eadca]" name="NavigateToAdminUserPage" is-config="true" duration-ms="4645" started-at="2021-08-08T02:22:42 IST" finished-at="2021-08-08T02:22:47 IST">
          <reporter-output>
          </reporter-output>
        </test-method> <!-- NavigateToAdminUserPage -->
        <test-method status="PASS" signature="verifyDropDownstatusPaid()[pri:0, instance:validationsOfManageOrderPage.VerifySearchListOrders@335eadca]" name="verifyDropDownstatusPaid" duration-ms="1595" started-at="2021-08-08T02:22:47 IST" finished-at="2021-08-08T02:22:48 IST">
          <reporter-output>
          </reporter-output>
        </test-method> <!-- verifyDropDownstatusPaid -->
        <test-method status="PASS" signature="screenShot(org.testng.ITestResult)[pri:0, instance:validationsOfManageOrderPage.VerifySearchListOrders@335eadca]" name="screenShot" is-config="true" duration-ms="1" started-at="2021-08-08T02:22:48 IST" finished-at="2021-08-08T02:22:48 IST">
          <params>
            <param index="0">
              <value>
                <![CDATA[[TestResult name=verifyDropDownstatusPaid status=SUCCESS method=VerifySearchListOrders.verifyDropDownstatusPaid()[pri:0, instance:validationsOfManageOrderPage.VerifySearchListOrders@335eadca] output={null}]]]>
              </value>
            </param>
          </params>
          <reporter-output>
          </reporter-output>
        </test-method> <!-- screenShot -->
        <test-method status="PASS" signature="NavigateToAdminUserPage()[pri:0, instance:validationsOfManageOrderPage.VerifySearchListOrders@335eadca]" name="NavigateToAdminUserPage" is-config="true" duration-ms="2518" started-at="2021-08-08T02:22:48 IST" finished-at="2021-08-08T02:22:51 IST">
          <reporter-output>
          </reporter-output>
        </test-method> <!-- NavigateToAdminUserPage -->
        <test-method status="PASS" signature="verifySearchofOrdersInList()[pri:0, instance:validationsOfManageOrderPage.VerifySearchListOrders@335eadca]" name="verifySearchofOrdersInList" duration-ms="1063" started-at="2021-08-08T02:22:51 IST" finished-at="2021-08-08T02:22:52 IST">
          <reporter-output>
          </reporter-output>
        </test-method> <!-- verifySearchofOrdersInList -->
        <test-method status="PASS" signature="screenShot(org.testng.ITestResult)[pri:0, instance:validationsOfManageOrderPage.VerifySearchListOrders@335eadca]" name="screenShot" is-config="true" duration-ms="1" started-at="2021-08-08T02:22:52 IST" finished-at="2021-08-08T02:22:52 IST">
          <params>
            <param index="0">
              <value>
                <![CDATA[[TestResult name=verifySearchofOrdersInList status=SUCCESS method=VerifySearchListOrders.verifySearchofOrdersInList()[pri:0, instance:validationsOfManageOrderPage.VerifySearchListOrders@335eadca] output={null}]]]>
              </value>
            </param>
          </params>
          <reporter-output>
          </reporter-output>
        </test-method> <!-- screenShot -->
        <test-method status="PASS" signature="quitdriver()[pri:0, instance:validationsOfManageOrderPage.VerifySearchListOrders@335eadca]" name="quitdriver" is-config="true" duration-ms="1434" started-at="2021-08-08T02:22:52 IST" finished-at="2021-08-08T02:22:53 IST">
          <reporter-output>
          </reporter-output>
        </test-method> <!-- quitdriver -->
      </class> <!-- validationsOfManageOrderPage.VerifySearchListOrders -->
      <class name="validationsOfAdminUsersPage.CreateAndDeleteAUser">
        <test-method status="PASS" signature="initializeDriver(java.lang.String)[pri:0, instance:validationsOfAdminUsersPage.CreateAndDeleteAUser@eec5a4a]" name="initializeDriver" is-config="true" duration-ms="2960" started-at="2021-08-08T02:22:53 IST" finished-at="2021-08-08T02:22:56 IST">
          <params>
            <param index="0">
              <value>
                <![CDATA[chrome]]>
              </value>
            </param>
          </params>
          <reporter-output>
          </reporter-output>
        </test-method> <!-- initializeDriver -->
        <test-method status="PASS" signature="NavigateToAdminUserPage()[pri:0, instance:validationsOfAdminUsersPage.CreateAndDeleteAUser@eec5a4a]" name="NavigateToAdminUserPage" is-config="true" duration-ms="7171" started-at="2021-08-08T02:22:56 IST" finished-at="2021-08-08T02:23:04 IST">
          <reporter-output>
          </reporter-output>
        </test-method> <!-- NavigateToAdminUserPage -->
        <test-method status="PASS" signature="verifyNewUserCreate()[pri:0, instance:validationsOfAdminUsersPage.CreateAndDeleteAUser@eec5a4a]" name="verifyNewUserCreate" duration-ms="2656" started-at="2021-08-08T02:23:04 IST" finished-at="2021-08-08T02:23:06 IST">
          <reporter-output>
          </reporter-output>
        </test-method> <!-- verifyNewUserCreate -->
        <test-method status="PASS" signature="screenShot(org.testng.ITestResult)[pri:0, instance:validationsOfAdminUsersPage.CreateAndDeleteAUser@eec5a4a]" name="screenShot" is-config="true" duration-ms="0" started-at="2021-08-08T02:23:06 IST" finished-at="2021-08-08T02:23:06 IST">
          <params>
            <param index="0">
              <value>
                <![CDATA[[TestResult name=verifyNewUserCreate status=SUCCESS method=CreateAndDeleteAUser.verifyNewUserCreate()[pri:0, instance:validationsOfAdminUsersPage.CreateAndDeleteAUser@eec5a4a] output={null}]]]>
              </value>
            </param>
          </params>
          <reporter-output>
          </reporter-output>
        </test-method> <!-- screenShot -->
        <test-method status="PASS" signature="NavigateToAdminUserPage()[pri:0, instance:validationsOfAdminUsersPage.CreateAndDeleteAUser@eec5a4a]" name="NavigateToAdminUserPage" is-config="true" duration-ms="2199" started-at="2021-08-08T02:23:06 IST" finished-at="2021-08-08T02:23:08 IST">
          <reporter-output>
          </reporter-output>
        </test-method> <!-- NavigateToAdminUserPage -->
        <test-method status="PASS" signature="verifyDeleteOfUser()[pri:1, instance:validationsOfAdminUsersPage.CreateAndDeleteAUser@eec5a4a]" name="verifyDeleteOfUser" duration-ms="1276" started-at="2021-08-08T02:23:08 IST" finished-at="2021-08-08T02:23:10 IST">
          <reporter-output>
          </reporter-output>
        </test-method> <!-- verifyDeleteOfUser -->
        <test-method status="PASS" signature="screenShot(org.testng.ITestResult)[pri:0, instance:validationsOfAdminUsersPage.CreateAndDeleteAUser@eec5a4a]" name="screenShot" is-config="true" duration-ms="2" started-at="2021-08-08T02:23:10 IST" finished-at="2021-08-08T02:23:10 IST">
          <params>
            <param index="0">
              <value>
                <![CDATA[[TestResult name=verifyDeleteOfUser status=SUCCESS method=CreateAndDeleteAUser.verifyDeleteOfUser()[pri:1, instance:validationsOfAdminUsersPage.CreateAndDeleteAUser@eec5a4a] output={null}]]]>
              </value>
            </param>
          </params>
          <reporter-output>
          </reporter-output>
        </test-method> <!-- screenShot -->
        <test-method status="PASS" signature="quitdriver()[pri:0, instance:validationsOfAdminUsersPage.CreateAndDeleteAUser@eec5a4a]" name="quitdriver" is-config="true" duration-ms="1573" started-at="2021-08-08T02:23:10 IST" finished-at="2021-08-08T02:23:11 IST">
          <reporter-output>
          </reporter-output>
        </test-method> <!-- quitdriver -->
      </class> <!-- validationsOfAdminUsersPage.CreateAndDeleteAUser -->
      <class name="validattionsOfLoginPAge.LoginPageTest">
        <test-method status="PASS" signature="initializeDriver()[pri:0, instance:validattionsOfLoginPAge.LoginPageTest@63753b6d]" name="initializeDriver" is-config="true" duration-ms="8702" started-at="2021-08-08T02:21:33 IST" finished-at="2021-08-08T02:21:41 IST">
          <reporter-output>
          </reporter-output>
        </test-method> <!-- initializeDriver -->
        <test-method status="PASS" signature="verifyDashBoardPage()[pri:0, instance:validattionsOfLoginPAge.LoginPageTest@63753b6d]" name="verifyDashBoardPage" duration-ms="154" started-at="2021-08-08T02:21:42 IST" finished-at="2021-08-08T02:21:42 IST">
          <reporter-output>
          </reporter-output>
        </test-method> <!-- verifyDashBoardPage -->
        <test-method status="PASS" signature="quitdriver()[pri:0, instance:validattionsOfLoginPAge.LoginPageTest@63753b6d]" name="quitdriver" is-config="true" duration-ms="726" started-at="2021-08-08T02:21:42 IST" finished-at="2021-08-08T02:21:42 IST">
          <reporter-output>
          </reporter-output>
        </test-method> <!-- quitdriver -->
      </class> <!-- validattionsOfLoginPAge.LoginPageTest -->
      <class name="validationsOfDashBoardPage.DashBoardPageTest">
        <test-method status="PASS" signature="initializeDriver(java.lang.String)[pri:0, instance:validationsOfDashBoardPage.DashBoardPageTest@6ddf90b0]" name="initializeDriver" is-config="true" duration-ms="2635" started-at="2021-08-08T02:23:23 IST" finished-at="2021-08-08T02:23:26 IST">
          <params>
            <param index="0">
              <value>
                <![CDATA[chrome]]>
              </value>
            </param>
          </params>
          <reporter-output>
          </reporter-output>
        </test-method> <!-- initializeDriver -->
        <test-method status="PASS" signature="NavigateToAdminUserPage()[pri:0, instance:validationsOfDashBoardPage.DashBoardPageTest@6ddf90b0]" name="NavigateToAdminUserPage" is-config="true" duration-ms="4385" started-at="2021-08-08T02:23:26 IST" finished-at="2021-08-08T02:23:30 IST">
          <reporter-output>
          </reporter-output>
        </test-method> <!-- NavigateToAdminUserPage -->
        <test-method status="PASS" signature="isAdminImageDisplayed()[pri:0, instance:validationsOfDashBoardPage.DashBoardPageTest@6ddf90b0]" name="isAdminImageDisplayed" duration-ms="137" started-at="2021-08-08T02:23:30 IST" finished-at="2021-08-08T02:23:30 IST">
          <reporter-output>
          </reporter-output>
        </test-method> <!-- isAdminImageDisplayed -->
        <test-method status="PASS" signature="screenShot(org.testng.ITestResult)[pri:0, instance:validationsOfDashBoardPage.DashBoardPageTest@6ddf90b0]" name="screenShot" is-config="true" duration-ms="0" started-at="2021-08-08T02:23:30 IST" finished-at="2021-08-08T02:23:30 IST">
          <params>
            <param index="0">
              <value>
                <![CDATA[[TestResult name=isAdminImageDisplayed status=SUCCESS method=DashBoardPageTest.isAdminImageDisplayed()[pri:0, instance:validationsOfDashBoardPage.DashBoardPageTest@6ddf90b0] output={null}]]]>
              </value>
            </param>
          </params>
          <reporter-output>
          </reporter-output>
        </test-method> <!-- screenShot -->
        <test-method status="PASS" signature="quitdriver()[pri:0, instance:validationsOfDashBoardPage.DashBoardPageTest@6ddf90b0]" name="quitdriver" is-config="true" duration-ms="1382" started-at="2021-08-08T02:23:30 IST" finished-at="2021-08-08T02:23:32 IST">
          <reporter-output>
          </reporter-output>
        </test-method> <!-- quitdriver -->
      </class> <!-- validationsOfDashBoardPage.DashBoardPageTest -->
      <class name="validationsOfManageOrderPage.verifyResetButton">
        <test-method status="PASS" signature="initializeDriver(java.lang.String)[pri:0, instance:validationsOfManageOrderPage.verifyResetButton@57536d79]" name="initializeDriver" is-config="true" duration-ms="2272" started-at="2021-08-08T02:23:32 IST" finished-at="2021-08-08T02:23:34 IST">
          <params>
            <param index="0">
              <value>
                <![CDATA[chrome]]>
              </value>
            </param>
          </params>
          <reporter-output>
          </reporter-output>
        </test-method> <!-- initializeDriver -->
        <test-method status="PASS" signature="NavigateToAdminUserPage()[pri:0, instance:validationsOfManageOrderPage.verifyResetButton@57536d79]" name="NavigateToAdminUserPage" is-config="true" duration-ms="6511" started-at="2021-08-08T02:23:34 IST" finished-at="2021-08-08T02:23:41 IST">
          <reporter-output>
          </reporter-output>
        </test-method> <!-- NavigateToAdminUserPage -->
        <test-method status="PASS" signature="validateResetButton()[pri:0, instance:validationsOfManageOrderPage.verifyResetButton@57536d79]" name="validateResetButton" duration-ms="2687" started-at="2021-08-08T02:23:41 IST" finished-at="2021-08-08T02:23:43 IST">
          <reporter-output>
          </reporter-output>
        </test-method> <!-- validateResetButton -->
        <test-method status="PASS" signature="screenShot(org.testng.ITestResult)[pri:0, instance:validationsOfManageOrderPage.verifyResetButton@57536d79]" name="screenShot" is-config="true" duration-ms="0" started-at="2021-08-08T02:23:43 IST" finished-at="2021-08-08T02:23:43 IST">
          <params>
            <param index="0">
              <value>
                <![CDATA[[TestResult name=validateResetButton status=SUCCESS method=verifyResetButton.validateResetButton()[pri:0, instance:validationsOfManageOrderPage.verifyResetButton@57536d79] output={null}]]]>
              </value>
            </param>
          </params>
          <reporter-output>
          </reporter-output>
        </test-method> <!-- screenShot -->
        <test-method status="PASS" signature="quitdriver()[pri:0, instance:validationsOfManageOrderPage.verifyResetButton@57536d79]" name="quitdriver" is-config="true" duration-ms="1746" started-at="2021-08-08T02:23:43 IST" finished-at="2021-08-08T02:23:45 IST">
          <reporter-output>
          </reporter-output>
        </test-method> <!-- quitdriver -->
      </class> <!-- validationsOfManageOrderPage.verifyResetButton -->
      <class name="validationsOfMobileSliderPage.ImageUpload">
        <test-method status="PASS" signature="initializeDriver(java.lang.String)[pri:0, instance:validationsOfMobileSliderPage.ImageUpload@2b2948e2]" name="initializeDriver" is-config="true" duration-ms="2650" started-at="2021-08-08T02:23:11 IST" finished-at="2021-08-08T02:23:14 IST">
          <params>
            <param index="0">
              <value>
                <![CDATA[chrome]]>
              </value>
            </param>
          </params>
          <reporter-output>
          </reporter-output>
        </test-method> <!-- initializeDriver -->
        <test-method status="PASS" signature="NavigateToMobilesliderPage()[pri:0, instance:validationsOfMobileSliderPage.ImageUpload@2b2948e2]" name="NavigateToMobilesliderPage" is-config="true" duration-ms="5252" started-at="2021-08-08T02:23:14 IST" finished-at="2021-08-08T02:23:19 IST">
          <reporter-output>
          </reporter-output>
        </test-method> <!-- NavigateToMobilesliderPage -->
        <test-method status="FAIL" signature="verifyImageUpload()[pri:0, instance:validationsOfMobileSliderPage.ImageUpload@2b2948e2]" name="verifyImageUpload" duration-ms="3245" started-at="2021-08-08T02:23:19 IST" finished-at="2021-08-08T02:23:22 IST">
          <exception class="java.lang.AssertionError">
            <message>
              <![CDATA[expected [ï¿½
Alert!
Mobile Slider Created Successfully] but found [�
Alert!
Mobile Slider Created Successfully]]]>
            </message>
            <full-stacktrace>
              <![CDATA[java.lang.AssertionError: expected [ï¿½
Alert!
Mobile Slider Created Successfully] but found [�
Alert!
Mobile Slider Created Successfully]
at org.testng.Assert.fail(Assert.java:99)
at org.testng.Assert.failNotEquals(Assert.java:1037)
at org.testng.Assert.assertEqualsImpl(Assert.java:140)
at org.testng.Assert.assertEquals(Assert.java:122)
at org.testng.Assert.assertEquals(Assert.java:629)
at org.testng.Assert.assertEquals(Assert.java:639)
at validationsOfMobileSliderPage.ImageUpload.verifyImageUpload(ImageUpload.java:37)
at sun.reflect.NativeMethodAccessorImpl.invoke0(Native Method)
at sun.reflect.NativeMethodAccessorImpl.invoke(NativeMethodAccessorImpl.java:62)
at sun.reflect.DelegatingMethodAccessorImpl.invoke(DelegatingMethodAccessorImpl.java:43)
at java.lang.reflect.Method.invoke(Method.java:498)
at org.testng.internal.MethodInvocationHelper.invokeMethod(MethodInvocationHelper.java:133)
at org.testng.internal.TestInvoker.invokeMethod(TestInvoker.java:598)
at org.testng.internal.TestInvoker.invokeTestMethod(TestInvoker.java:173)
at org.testng.internal.MethodRunner.runInSequence(MethodRunner.java:46)
at org.testng.internal.TestInvoker$MethodInvocationAgent.invoke(TestInvoker.java:824)
at org.testng.internal.TestInvoker.invokeTestMethods(TestInvoker.java:146)
at org.testng.internal.TestMethodWorker.invokeTestMethods(TestMethodWorker.java:146)
at org.testng.internal.TestMethodWorker.run(TestMethodWorker.java:128)
at java.util.ArrayList.forEach(ArrayList.java:1259)
at org.testng.TestRunner.privateRun(TestRunner.java:794)
at org.testng.TestRunner.run(TestRunner.java:596)
at org.testng.SuiteRunner.runTest(SuiteRunner.java:377)
at org.testng.SuiteRunner.runSequentially(SuiteRunner.java:371)
at org.testng.SuiteRunner.privateRun(SuiteRunner.java:332)
at org.testng.SuiteRunner.run(SuiteRunner.java:276)
at org.testng.SuiteRunnerWorker.runSuite(SuiteRunnerWorker.java:53)
at org.testng.SuiteRunnerWorker.run(SuiteRunnerWorker.java:96)
at org.testng.TestNG.runSuitesSequentially(TestNG.java:1212)
at org.testng.TestNG.runSuitesLocally(TestNG.java:1134)
at org.testng.TestNG.runSuites(TestNG.java:1063)
at org.testng.TestNG.run(TestNG.java:1031)
at org.apache.maven.surefire.testng.TestNGExecutor.run(TestNGExecutor.java:281)
at org.apache.maven.surefire.testng.TestNGXmlTestSuite.execute(TestNGXmlTestSuite.java:75)
at org.apache.maven.surefire.testng.TestNGProvider.invoke(TestNGProvider.java:121)
at org.apache.maven.surefire.booter.ForkedBooter.invokeProviderInSameClassLoader(ForkedBooter.java:290)
at org.apache.maven.surefire.booter.ForkedBooter.runSuitesInProcess(ForkedBooter.java:242)
at org.apache.maven.surefire.booter.ForkedBooter.main(ForkedBooter.java:121)
]]>
            </full-stacktrace>
          </exception> <!-- java.lang.AssertionError -->
          <reporter-output>
          </reporter-output>
        </test-method> <!-- verifyImageUpload -->
        <test-method status="PASS" signature="screenShot(org.testng.ITestResult)[pri:0, instance:validationsOfMobileSliderPage.ImageUpload@2b2948e2]" name="screenShot" is-config="true" duration-ms="0" started-at="2021-08-08T02:23:22 IST" finished-at="2021-08-08T02:23:22 IST">
          <params>
            <param index="0">
              <value>
                <![CDATA[[TestResult name=verifyImageUpload status=FAILURE method=ImageUpload.verifyImageUpload()[pri:0, instance:validationsOfMobileSliderPage.ImageUpload@2b2948e2] output={null}]]]>
              </value>
            </param>
          </params>
          <reporter-output>
          </reporter-output>
        </test-method> <!-- screenShot -->
        <test-method status="PASS" signature="quitdriver()[pri:0, instance:validationsOfMobileSliderPage.ImageUpload@2b2948e2]" name="quitdriver" is-config="true" duration-ms="715" started-at="2021-08-08T02:23:22 IST" finished-at="2021-08-08T02:23:23 IST">
          <reporter-output>
          </reporter-output>
        </test-method> <!-- quitdriver -->
      </class> <!-- validationsOfMobileSliderPage.ImageUpload -->
      <class name="validationsOfAdminUsersPage.UserCanCreateDifferentUsers">
        <test-method status="PASS" signature="initializeDriver(java.lang.String)[pri:0, instance:validationsOfAdminUsersPage.UserCanCreateDifferentUsers@67784306]" name="initializeDriver" is-config="true" duration-ms="2533" started-at="2021-08-08T02:22:06 IST" finished-at="2021-08-08T02:22:08 IST">
          <params>
            <param index="0">
              <value>
                <![CDATA[chrome]]>
              </value>
            </param>
          </params>
          <reporter-output>
          </reporter-output>
        </test-method> <!-- initializeDriver -->
        <test-method status="PASS" signature="NavigateToAdminUserPage()[pri:0, instance:validationsOfAdminUsersPage.UserCanCreateDifferentUsers@67784306]" name="NavigateToAdminUserPage" is-config="true" duration-ms="6092" started-at="2021-08-08T02:22:08 IST" finished-at="2021-08-08T02:22:14 IST">
          <reporter-output>
          </reporter-output>
        </test-method> <!-- NavigateToAdminUserPage -->
        <test-method status="PASS" signature="verifynewUsers(java.lang.String,java.lang.String,java.lang.String)[pri:0, instance:validationsOfAdminUsersPage.UserCanCreateDifferentUsers@67784306]" name="verifynewUsers" duration-ms="2743" started-at="2021-08-08T02:22:14 IST" data-provider="dataprovider1" finished-at="2021-08-08T02:22:17 IST">
          <params>
            <param index="0">
              <value>
                <![CDATA[fathima_3354471]]>
              </value>
            </param>
            <param index="1">
              <value>
                <![CDATA[123456]]>
              </value>
            </param>
            <param index="2">
              <value>
                <![CDATA[Admin]]>
              </value>
            </param>
          </params>
          <reporter-output>
          </reporter-output>
        </test-method> <!-- verifynewUsers -->
        <test-method status="PASS" signature="screenShot(org.testng.ITestResult)[pri:0, instance:validationsOfAdminUsersPage.UserCanCreateDifferentUsers@67784306]" name="screenShot" is-config="true" duration-ms="0" started-at="2021-08-08T02:22:17 IST" finished-at="2021-08-08T02:22:17 IST">
          <params>
            <param index="0">
              <value>
                <![CDATA[[TestResult name=verifynewUsers status=SUCCESS method=UserCanCreateDifferentUsers.verifynewUsers(java.lang.String,java.lang.String,java.lang.String)[pri:0, instance:validationsOfAdminUsersPage.UserCanCreateDifferentUsers@67784306] output={null}]]]>
              </value>
            </param>
          </params>
          <reporter-output>
          </reporter-output>
        </test-method> <!-- screenShot -->
        <test-method status="PASS" signature="NavigateToAdminUserPage()[pri:0, instance:validationsOfAdminUsersPage.UserCanCreateDifferentUsers@67784306]" name="NavigateToAdminUserPage" is-config="true" duration-ms="2297" started-at="2021-08-08T02:22:17 IST" finished-at="2021-08-08T02:22:19 IST">
          <reporter-output>
          </reporter-output>
        </test-method> <!-- NavigateToAdminUserPage -->
        <test-method status="PASS" signature="verifynewUsers(java.lang.String,java.lang.String,java.lang.String)[pri:0, instance:validationsOfAdminUsersPage.UserCanCreateDifferentUsers@67784306]" name="verifynewUsers" duration-ms="2530" started-at="2021-08-08T02:22:19 IST" data-provider="dataprovider1" finished-at="2021-08-08T02:22:22 IST">
          <params>
            <param index="0">
              <value>
                <![CDATA[fathima_3943814]]>
              </value>
            </param>
            <param index="1">
              <value>
                <![CDATA[654321]]>
              </value>
            </param>
            <param index="2">
              <value>
                <![CDATA[Partner]]>
              </value>
            </param>
          </params>
          <reporter-output>
          </reporter-output>
        </test-method> <!-- verifynewUsers -->
        <test-method status="PASS" signature="screenShot(org.testng.ITestResult)[pri:0, instance:validationsOfAdminUsersPage.UserCanCreateDifferentUsers@67784306]" name="screenShot" is-config="true" duration-ms="0" started-at="2021-08-08T02:22:22 IST" finished-at="2021-08-08T02:22:22 IST">
          <params>
            <param index="0">
              <value>
                <![CDATA[[TestResult name=verifynewUsers status=SUCCESS method=UserCanCreateDifferentUsers.verifynewUsers(java.lang.String,java.lang.String,java.lang.String)[pri:0, instance:validationsOfAdminUsersPage.UserCanCreateDifferentUsers@67784306] output={null}]]]>
              </value>
            </param>
          </params>
          <reporter-output>
          </reporter-output>
        </test-method> <!-- screenShot -->
        <test-method status="PASS" signature="NavigateToAdminUserPage()[pri:0, instance:validationsOfAdminUsersPage.UserCanCreateDifferentUsers@67784306]" name="NavigateToAdminUserPage" is-config="true" duration-ms="2753" started-at="2021-08-08T02:22:22 IST" finished-at="2021-08-08T02:22:25 IST">
          <reporter-output>
          </reporter-output>
        </test-method> <!-- NavigateToAdminUserPage -->
        <test-method status="PASS" signature="verifynewUsers(java.lang.String,java.lang.String,java.lang.String)[pri:0, instance:validationsOfAdminUsersPage.UserCanCreateDifferentUsers@67784306]" name="verifynewUsers" duration-ms="2682" started-at="2021-08-08T02:22:25 IST" data-provider="dataprovider1" finished-at="2021-08-08T02:22:27 IST">
          <params>
            <param index="0">
              <value>
                <![CDATA[fathima_2471763]]>
              </value>
            </param>
            <param index="1">
              <value>
                <![CDATA[678905]]>
              </value>
            </param>
            <param index="2">
              <value>
                <![CDATA[Staff]]>
              </value>
            </param>
          </params>
          <reporter-output>
          </reporter-output>
        </test-method> <!-- verifynewUsers -->
        <test-method status="PASS" signature="screenShot(org.testng.ITestResult)[pri:0, instance:validationsOfAdminUsersPage.UserCanCreateDifferentUsers@67784306]" name="screenShot" is-config="true" duration-ms="0" started-at="2021-08-08T02:22:27 IST" finished-at="2021-08-08T02:22:27 IST">
          <params>
            <param index="0">
              <value>
                <![CDATA[[TestResult name=verifynewUsers status=SUCCESS method=UserCanCreateDifferentUsers.verifynewUsers(java.lang.String,java.lang.String,java.lang.String)[pri:0, instance:validationsOfAdminUsersPage.UserCanCreateDifferentUsers@67784306] output={null}]]]>
              </value>
            </param>
          </params>
          <reporter-output>
          </reporter-output>
        </test-method> <!-- screenShot -->
        <test-method status="PASS" signature="NavigateToAdminUserPage()[pri:0, instance:validationsOfAdminUsersPage.UserCanCreateDifferentUsers@67784306]" name="NavigateToAdminUserPage" is-config="true" duration-ms="2297" started-at="2021-08-08T02:22:27 IST" finished-at="2021-08-08T02:22:30 IST">
          <reporter-output>
          </reporter-output>
        </test-method> <!-- NavigateToAdminUserPage -->
        <test-method status="PASS" signature="verifynewUsers(java.lang.String,java.lang.String,java.lang.String)[pri:0, instance:validationsOfAdminUsersPage.UserCanCreateDifferentUsers@67784306]" name="verifynewUsers" duration-ms="2552" started-at="2021-08-08T02:22:30 IST" data-provider="dataprovider1" finished-at="2021-08-08T02:22:32 IST">
          <params>
            <param index="0">
              <value>
                <![CDATA[fathima_9256019]]>
              </value>
            </param>
            <param index="1">
              <value>
                <![CDATA[987654]]>
              </value>
            </param>
            <param index="2">
              <value>
                <![CDATA[Admin]]>
              </value>
            </param>
          </params>
          <reporter-output>
          </reporter-output>
        </test-method> <!-- verifynewUsers -->
        <test-method status="PASS" signature="screenShot(org.testng.ITestResult)[pri:0, instance:validationsOfAdminUsersPage.UserCanCreateDifferentUsers@67784306]" name="screenShot" is-config="true" duration-ms="0" started-at="2021-08-08T02:22:32 IST" finished-at="2021-08-08T02:22:32 IST">
          <params>
            <param index="0">
              <value>
                <![CDATA[[TestResult name=verifynewUsers status=SUCCESS method=UserCanCreateDifferentUsers.verifynewUsers(java.lang.String,java.lang.String,java.lang.String)[pri:0, instance:validationsOfAdminUsersPage.UserCanCreateDifferentUsers@67784306] output={null}]]]>
              </value>
            </param>
          </params>
          <reporter-output>
          </reporter-output>
        </test-method> <!-- screenShot -->
        <test-method status="PASS" signature="NavigateToAdminUserPage()[pri:0, instance:validationsOfAdminUsersPage.UserCanCreateDifferentUsers@67784306]" name="NavigateToAdminUserPage" is-config="true" duration-ms="2742" started-at="2021-08-08T02:22:32 IST" finished-at="2021-08-08T02:22:35 IST">
          <reporter-output>
          </reporter-output>
        </test-method> <!-- NavigateToAdminUserPage -->
        <test-method status="PASS" signature="verifynewUsers(java.lang.String,java.lang.String,java.lang.String)[pri:0, instance:validationsOfAdminUsersPage.UserCanCreateDifferentUsers@67784306]" name="verifynewUsers" duration-ms="2468" started-at="2021-08-08T02:22:35 IST" data-provider="dataprovider1" finished-at="2021-08-08T02:22:37 IST">
          <params>
            <param index="0">
              <value>
                <![CDATA[fathima_282865]]>
              </value>
            </param>
            <param index="1">
              <value>
                <![CDATA[456789]]>
              </value>
            </param>
            <param index="2">
              <value>
                <![CDATA[Delivery Boy]]>
              </value>
            </param>
          </params>
          <reporter-output>
          </reporter-output>
        </test-method> <!-- verifynewUsers -->
        <test-method status="PASS" signature="screenShot(org.testng.ITestResult)[pri:0, instance:validationsOfAdminUsersPage.UserCanCreateDifferentUsers@67784306]" name="screenShot" is-config="true" duration-ms="2" started-at="2021-08-08T02:22:37 IST" finished-at="2021-08-08T02:22:37 IST">
          <params>
            <param index="0">
              <value>
                <![CDATA[[TestResult name=verifynewUsers status=SUCCESS method=UserCanCreateDifferentUsers.verifynewUsers(java.lang.String,java.lang.String,java.lang.String)[pri:0, instance:validationsOfAdminUsersPage.UserCanCreateDifferentUsers@67784306] output={null}]]]>
              </value>
            </param>
          </params>
          <reporter-output>
          </reporter-output>
        </test-method> <!-- screenShot -->
        <test-method status="PASS" signature="quitdriver()[pri:0, instance:validationsOfAdminUsersPage.UserCanCreateDifferentUsers@67784306]" name="quitdriver" is-config="true" duration-ms="1510" started-at="2021-08-08T02:22:37 IST" finished-at="2021-08-08T02:22:39 IST">
          <reporter-output>
          </reporter-output>
        </test-method> <!-- quitdriver -->
      </class> <!-- validationsOfAdminUsersPage.UserCanCreateDifferentUsers -->
      <class name="validationsOfAdminUsersPage.VerifyResetButton">
        <test-method status="PASS" signature="initializeDriver(java.lang.String)[pri:0, instance:validationsOfAdminUsersPage.VerifyResetButton@6f1fba17]" name="initializeDriver" is-config="true" duration-ms="2359" started-at="2021-08-08T02:21:42 IST" finished-at="2021-08-08T02:21:45 IST">
          <params>
            <param index="0">
              <value>
                <![CDATA[chrome]]>
              </value>
            </param>
          </params>
          <reporter-output>
          </reporter-output>
        </test-method> <!-- initializeDriver -->
        <test-method status="PASS" signature="NavigateToAdminUserPage()[pri:0, instance:validationsOfAdminUsersPage.VerifyResetButton@6f1fba17]" name="NavigateToAdminUserPage" is-config="true" duration-ms="6397" started-at="2021-08-08T02:21:45 IST" finished-at="2021-08-08T02:21:51 IST">
          <reporter-output>
          </reporter-output>
        </test-method> <!-- NavigateToAdminUserPage -->
        <test-method status="PASS" signature="verifyResetButton()[pri:0, instance:validationsOfAdminUsersPage.VerifyResetButton@6f1fba17]" name="verifyResetButton" duration-ms="1601" started-at="2021-08-08T02:21:51 IST" finished-at="2021-08-08T02:21:53 IST">
          <reporter-output>
          </reporter-output>
        </test-method> <!-- verifyResetButton -->
        <test-method status="PASS" signature="screenShot(org.testng.ITestResult)[pri:0, instance:validationsOfAdminUsersPage.VerifyResetButton@6f1fba17]" name="screenShot" is-config="true" duration-ms="2" started-at="2021-08-08T02:21:53 IST" finished-at="2021-08-08T02:21:53 IST">
          <params>
            <param index="0">
              <value>
                <![CDATA[[TestResult name=verifyResetButton status=SUCCESS method=VerifyResetButton.verifyResetButton()[pri:0, instance:validationsOfAdminUsersPage.VerifyResetButton@6f1fba17] output={null}]]]>
              </value>
            </param>
          </params>
          <reporter-output>
          </reporter-output>
        </test-method> <!-- screenShot -->
        <test-method status="PASS" signature="quitdriver()[pri:0, instance:validationsOfAdminUsersPage.VerifyResetButton@6f1fba17]" name="quitdriver" is-config="true" duration-ms="1490" started-at="2021-08-08T02:21:53 IST" finished-at="2021-08-08T02:21:54 IST">
          <reporter-output>
          </reporter-output>
        </test-method> <!-- quitdriver -->
      </class> <!-- validationsOfAdminUsersPage.VerifyResetButton -->
      <class name="validationsOfManageOrderPage.ListOrdersStatus">
        <test-method status="PASS" signature="initializeDriver(java.lang.String)[pri:0, instance:validationsOfManageOrderPage.ListOrdersStatus@185d8b6]" name="initializeDriver" is-config="true" duration-ms="2710" started-at="2021-08-08T02:21:54 IST" finished-at="2021-08-08T02:21:57 IST">
          <params>
            <param index="0">
              <value>
                <![CDATA[chrome]]>
              </value>
            </param>
          </params>
          <reporter-output>
          </reporter-output>
        </test-method> <!-- initializeDriver -->
        <test-method status="PASS" signature="NavigateToAdminUserPage()[pri:0, instance:validationsOfManageOrderPage.ListOrdersStatus@185d8b6]" name="NavigateToAdminUserPage" is-config="true" duration-ms="7143" started-at="2021-08-08T02:21:57 IST" finished-at="2021-08-08T02:22:04 IST">
          <reporter-output>
          </reporter-output>
        </test-method> <!-- NavigateToAdminUserPage -->
        <test-method status="PASS" signature="VerifyUsersButtonFunctionality()[pri:0, instance:validationsOfManageOrderPage.ListOrdersStatus@185d8b6]" name="VerifyUsersButtonFunctionality" duration-ms="1" started-at="2021-08-08T02:22:04 IST" finished-at="2021-08-08T02:22:04 IST">
          <reporter-output>
          </reporter-output>
        </test-method> <!-- VerifyUsersButtonFunctionality -->
        <test-method status="PASS" signature="screenShot(org.testng.ITestResult)[pri:0, instance:validationsOfManageOrderPage.ListOrdersStatus@185d8b6]" name="screenShot" is-config="true" duration-ms="1" started-at="2021-08-08T02:22:04 IST" finished-at="2021-08-08T02:22:04 IST">
          <params>
            <param index="0">
              <value>
                <![CDATA[[TestResult name=VerifyUsersButtonFunctionality status=SUCCESS method=ListOrdersStatus.VerifyUsersButtonFunctionality()[pri:0, instance:validationsOfManageOrderPage.ListOrdersStatus@185d8b6] output={null}]]]>
              </value>
            </param>
          </params>
          <reporter-output>
          </reporter-output>
        </test-method> <!-- screenShot -->
        <test-method status="PASS" signature="quitdriver()[pri:0, instance:validationsOfManageOrderPage.ListOrdersStatus@185d8b6]" name="quitdriver" is-config="true" duration-ms="1423" started-at="2021-08-08T02:22:04 IST" finished-at="2021-08-08T02:22:06 IST">
          <reporter-output>
          </reporter-output>
        </test-method> <!-- quitdriver -->
      </class> <!-- validationsOfManageOrderPage.ListOrdersStatus -->
    </test> <!-- Test -->
  </suite> <!-- Suite -->
</testng-results>
