-------------------------------------------------------------------------------
Test set: TestSuite
-------------------------------------------------------------------------------
Tests run: 15, Failures: 1, Errors: 0, Skipped: 0, Time elapsed: 134.553 sec <<< FAILURE! - in TestSuite
verifyImageUpload(validationsOfMobileSliderPage.ImageUpload)  Time elapsed: 3.278 sec  <<< FAILURE!
java.lang.AssertionError: 
expected [ï¿½
Alert!
Mobile Slider Created Successfully] but found [?
Alert!
Mobile Slider Created Successfully]
	at validationsOfMobileSliderPage.ImageUpload.verifyImageUpload(ImageUpload.java:37)

