<?xml version="1.0" encoding="UTF-8"?>
<testsuite xmlns:xsi="http://www.w3.org/2001/XMLSchema-instance" xsi:schemaLocation="https://maven.apache.org/surefire/maven-surefire-plugin/xsd/surefire-test-report.xsd" name="TestSuite" time="230.833" tests="4" errors="0" skipped="0" failures="4">
  <properties>
[...]
</properties>
  <testcase name="verifyLockUserChindhuAbraham" classname="validationsOfManageUsersPage.DeleteAUser" time="0.679">
    <failure message="Unable to locate element: //td[text()=&apos;Chindhu Abraham					  					  &apos;]/following-sibling::*[5]/a[1]&#10;For documentation on this error, please visit: http://seleniumhq.org/exceptions/no_such_element.html&#10;Build info: version: &apos;3.6.0&apos;, revision: &apos;6fbf3ec767&apos;, time: &apos;2017-09-27T15:28:36.4Z&apos;&#10;System info: host: &apos;ANVER-PC&apos;, ip: &apos;192.168.118.124&apos;, os.name: &apos;Windows 7&apos;, os.arch: &apos;amd64&apos;, os.version: &apos;6.1&apos;, java.version: &apos;1.8.0_281&apos;&#10;Driver info: org.openqa.selenium.firefox.FirefoxDriver&#10;Capabilities [{moz:profile=C:\Users\ANVER\AppData\Local\Temp\rust_mozprofilehFbCe2, moz:geckodriverVersion=0.29.1, timeouts={implicit=0, pageLoad=300000, script=30000}, pageLoadStrategy=normal, unhandledPromptBehavior=dismiss and notify, strictFileInteractability=false, moz:headless=false, platform=WINDOWS, proxy=Proxy(), moz:accessibilityChecks=false, moz:useNonSpecCompliantPointerOrigin=false, acceptInsecureCerts=true, browserVersion=90.0.2, moz:shutdownTimeout=60000, platformVersion=6.1, moz:processID=7276, browserName=firefox, moz:buildID=20210721174149, javascriptEnabled=true, platformName=WINDOWS, setWindowRect=true, moz:webdriverClick=true}]&#10;Session ID: 763257fc-b445-43fe-aea7-13c933842a33&#10;*** Element info: {Using=xpath, value=//td[text()=&apos;Chindhu Abraham					  					  &apos;]/following-sibling::*[5]/a[1]}" type="org.openqa.selenium.NoSuchElementException">org.openqa.selenium.NoSuchElementException: 
Unable to locate element: //td[text()='Chindhu Abraham					  					  ']/following-sibling::*[5]/a[1]
For documentation on this error, please visit: http://seleniumhq.org/exceptions/no_such_element.html
Build info: version: '3.6.0', revision: '6fbf3ec767', time: '2017-09-27T15:28:36.4Z'
System info: host: 'ANVER-PC', ip: '192.168.118.124', os.name: 'Windows 7', os.arch: 'amd64', os.version: '6.1', java.version: '1.8.0_281'
Driver info: org.openqa.selenium.firefox.FirefoxDriver
Capabilities [{moz:profile=C:\Users\ANVER\AppData\Local\Temp\rust_mozprofilehFbCe2, moz:geckodriverVersion=0.29.1, timeouts={implicit=0, pageLoad=300000, script=30000}, pageLoadStrategy=normal, unhandledPromptBehavior=dismiss and notify, strictFileInteractability=false, moz:headless=false, platform=WINDOWS, proxy=Proxy(), moz:accessibilityChecks=false, moz:useNonSpecCompliantPointerOrigin=false, acceptInsecureCerts=true, browserVersion=90.0.2, moz:shutdownTimeout=60000, platformVersion=6.1, moz:processID=7276, browserName=firefox, moz:buildID=20210721174149, javascriptEnabled=true, platformName=WINDOWS, setWindowRect=true, moz:webdriverClick=true}]
Session ID: 763257fc-b445-43fe-aea7-13c933842a33
*** Element info: {Using=xpath, value=//td[text()='Chindhu Abraham					  					  ']/following-sibling::*[5]/a[1]}
	at validationsOfManageUsersPage.DeleteAUser.verifyLockUserChindhuAbraham(DeleteAUser.java:14)
</failure>
    <system-err><![CDATA[1628133716088	geckodriver	INFO	Listening on 127.0.0.1:44364
1628133718618	mozrunner::runner	INFO	Running command: "C:\\Program Files\\Mozilla Firefox\\firefox.exe" "--marionette" "-foreground" "-no-remote" "-profile" "C:\\Users\\ANVER\\AppData\\Local\\Temp\\rust_mozprofilehFbCe2"
1628133736185	Marionette	INFO	Marionette enabled
console.warn: SearchSettings: "get: No settings file exists, new profile?" (new NotFoundError("Could not open the file at C:\\Users\\ANVER\\AppData\\Local\\Temp\\rust_mozprofilehFbCe2\\search.json.mozlz4", (void 0)))
[Parent 7276, IPC I/O Parent] WARNING: file /builds/worker/checkouts/gecko/ipc/chromium/src/base/process_util_win.cc:167
1628133761135	Marionette	INFO	Listening on port 57221
1628133762144	Marionette	WARN	TLS certificate errors will be ignored for this session
Aug 05, 2021 8:52:43 AM org.openqa.selenium.remote.ProtocolHandshake createSession
INFO: Detected dialect: W3C
1628133826416	Marionette	WARN	TimedPromise timed out after 500 ms: stacktrace:
TimedPromise/<@chrome://marionette/content/sync.js:237:19
TimedPromise@chrome://marionette/content/sync.js:222:10
interaction.flushEventLoop@chrome://marionette/content/interaction.js:431:10
webdriverClickElement@chrome://marionette/content/interaction.js:179:31
]]></system-err>
  </testcase>
  <testcase name="verifyLockUserChindhuAbraham" classname="validationsOfManageUsersPage.DeleteAUser" time="0.322">
    <failure message="Unable to locate element: //td[text()=&apos;Chindhu Abraham					  					  &apos;]/following-sibling::*[5]/a[1]&#10;For documentation on this error, please visit: http://seleniumhq.org/exceptions/no_such_element.html&#10;Build info: version: &apos;3.6.0&apos;, revision: &apos;6fbf3ec767&apos;, time: &apos;2017-09-27T15:28:36.4Z&apos;&#10;System info: host: &apos;ANVER-PC&apos;, ip: &apos;192.168.118.124&apos;, os.name: &apos;Windows 7&apos;, os.arch: &apos;amd64&apos;, os.version: &apos;6.1&apos;, java.version: &apos;1.8.0_281&apos;&#10;Driver info: org.openqa.selenium.firefox.FirefoxDriver&#10;Capabilities [{moz:profile=C:\Users\ANVER\AppData\Local\Temp\rust_mozprofilehLq9nG, moz:geckodriverVersion=0.29.1, timeouts={implicit=0, pageLoad=300000, script=30000}, pageLoadStrategy=normal, unhandledPromptBehavior=dismiss and notify, strictFileInteractability=false, moz:headless=false, platform=WINDOWS, proxy=Proxy(), moz:accessibilityChecks=false, moz:useNonSpecCompliantPointerOrigin=false, acceptInsecureCerts=true, browserVersion=90.0.2, moz:shutdownTimeout=60000, platformVersion=6.1, moz:processID=7324, browserName=firefox, moz:buildID=20210721174149, javascriptEnabled=true, platformName=WINDOWS, setWindowRect=true, moz:webdriverClick=true}]&#10;Session ID: df873635-5ac2-43f0-b8f1-d017860083a0&#10;*** Element info: {Using=xpath, value=//td[text()=&apos;Chindhu Abraham					  					  &apos;]/following-sibling::*[5]/a[1]}" type="org.openqa.selenium.NoSuchElementException">org.openqa.selenium.NoSuchElementException: 
Unable to locate element: //td[text()='Chindhu Abraham					  					  ']/following-sibling::*[5]/a[1]
For documentation on this error, please visit: http://seleniumhq.org/exceptions/no_such_element.html
Build info: version: '3.6.0', revision: '6fbf3ec767', time: '2017-09-27T15:28:36.4Z'
System info: host: 'ANVER-PC', ip: '192.168.118.124', os.name: 'Windows 7', os.arch: 'amd64', os.version: '6.1', java.version: '1.8.0_281'
Driver info: org.openqa.selenium.firefox.FirefoxDriver
Capabilities [{moz:profile=C:\Users\ANVER\AppData\Local\Temp\rust_mozprofilehLq9nG, moz:geckodriverVersion=0.29.1, timeouts={implicit=0, pageLoad=300000, script=30000}, pageLoadStrategy=normal, unhandledPromptBehavior=dismiss and notify, strictFileInteractability=false, moz:headless=false, platform=WINDOWS, proxy=Proxy(), moz:accessibilityChecks=false, moz:useNonSpecCompliantPointerOrigin=false, acceptInsecureCerts=true, browserVersion=90.0.2, moz:shutdownTimeout=60000, platformVersion=6.1, moz:processID=7324, browserName=firefox, moz:buildID=20210721174149, javascriptEnabled=true, platformName=WINDOWS, setWindowRect=true, moz:webdriverClick=true}]
Session ID: df873635-5ac2-43f0-b8f1-d017860083a0
*** Element info: {Using=xpath, value=//td[text()='Chindhu Abraham					  					  ']/following-sibling::*[5]/a[1]}
	at validationsOfManageUsersPage.DeleteAUser.verifyLockUserChindhuAbraham(DeleteAUser.java:14)
</failure>
    <system-err><![CDATA[1628133849056	Marionette	INFO	Stopped listening on port 57221
[Parent 7276, IPC I/O Parent] WARNING: file /builds/worker/checkouts/gecko/ipc/chromium/src/base/process_util_win.cc:167
[Parent 7276, IPC I/O Parent] WARNING: file /builds/worker/checkouts/gecko/ipc/chromium/src/base/process_util_win.cc:167
1628133870277	geckodriver	INFO	Listening on 127.0.0.1:42065
1628133870629	mozrunner::runner	INFO	Running command: "C:\\Program Files\\Mozilla Firefox\\firefox.exe" "--marionette" "-foreground" "-no-remote" "-profile" "C:\\Users\\ANVER\\AppData\\Local\\Temp\\rust_mozprofilehLq9nG"
1628133877122	Marionette	INFO	Marionette enabled
console.warn: SearchSettings: "get: No settings file exists, new profile?" (new NotFoundError("Could not open the file at C:\\Users\\ANVER\\AppData\\Local\\Temp\\rust_mozprofilehLq9nG\\search.json.mozlz4", (void 0)))
1628133893146	Marionette	INFO	Listening on port 58782
1628133893894	Marionette	WARN	TLS certificate errors will be ignored for this session
Aug 05, 2021 8:54:54 AM org.openqa.selenium.remote.ProtocolHandshake createSession
INFO: Detected dialect: W3C
1628133904989	Marionette	WARN	TimedPromise timed out after 500 ms: stacktrace:
TimedPromise/<@chrome://marionette/content/sync.js:237:19
TimedPromise@chrome://marionette/content/sync.js:222:10
interaction.flushEventLoop@chrome://marionette/content/interaction.js:431:10
webdriverClickElement@chrome://marionette/content/interaction.js:179:31
]]></system-err>
  </testcase>
  <testcase name="deleteUserChindhuAbraham" classname="validationsOfManageUsersPage.DeleteAUser" time="0.365">
    <failure message="Unable to locate element: //td[text()=&apos;Chindhu Abraham					  					  &apos;]/following-sibling::*[5]/a[1]&#10;For documentation on this error, please visit: http://seleniumhq.org/exceptions/no_such_element.html&#10;Build info: version: &apos;3.6.0&apos;, revision: &apos;6fbf3ec767&apos;, time: &apos;2017-09-27T15:28:36.4Z&apos;&#10;System info: host: &apos;ANVER-PC&apos;, ip: &apos;192.168.118.124&apos;, os.name: &apos;Windows 7&apos;, os.arch: &apos;amd64&apos;, os.version: &apos;6.1&apos;, java.version: &apos;1.8.0_281&apos;&#10;Driver info: org.openqa.selenium.firefox.FirefoxDriver&#10;Capabilities [{moz:profile=C:\Users\ANVER\AppData\Local\Temp\rust_mozprofilehFbCe2, moz:geckodriverVersion=0.29.1, timeouts={implicit=0, pageLoad=300000, script=30000}, pageLoadStrategy=normal, unhandledPromptBehavior=dismiss and notify, strictFileInteractability=false, moz:headless=false, platform=WINDOWS, proxy=Proxy(), moz:accessibilityChecks=false, moz:useNonSpecCompliantPointerOrigin=false, acceptInsecureCerts=true, browserVersion=90.0.2, moz:shutdownTimeout=60000, platformVersion=6.1, moz:processID=7276, browserName=firefox, moz:buildID=20210721174149, javascriptEnabled=true, platformName=WINDOWS, setWindowRect=true, moz:webdriverClick=true}]&#10;Session ID: 763257fc-b445-43fe-aea7-13c933842a33&#10;*** Element info: {Using=xpath, value=//td[text()=&apos;Chindhu Abraham					  					  &apos;]/following-sibling::*[5]/a[1]}" type="org.openqa.selenium.NoSuchElementException">org.openqa.selenium.NoSuchElementException: 
Unable to locate element: //td[text()='Chindhu Abraham					  					  ']/following-sibling::*[5]/a[1]
For documentation on this error, please visit: http://seleniumhq.org/exceptions/no_such_element.html
Build info: version: '3.6.0', revision: '6fbf3ec767', time: '2017-09-27T15:28:36.4Z'
System info: host: 'ANVER-PC', ip: '192.168.118.124', os.name: 'Windows 7', os.arch: 'amd64', os.version: '6.1', java.version: '1.8.0_281'
Driver info: org.openqa.selenium.firefox.FirefoxDriver
Capabilities [{moz:profile=C:\Users\ANVER\AppData\Local\Temp\rust_mozprofilehFbCe2, moz:geckodriverVersion=0.29.1, timeouts={implicit=0, pageLoad=300000, script=30000}, pageLoadStrategy=normal, unhandledPromptBehavior=dismiss and notify, strictFileInteractability=false, moz:headless=false, platform=WINDOWS, proxy=Proxy(), moz:accessibilityChecks=false, moz:useNonSpecCompliantPointerOrigin=false, acceptInsecureCerts=true, browserVersion=90.0.2, moz:shutdownTimeout=60000, platformVersion=6.1, moz:processID=7276, browserName=firefox, moz:buildID=20210721174149, javascriptEnabled=true, platformName=WINDOWS, setWindowRect=true, moz:webdriverClick=true}]
Session ID: 763257fc-b445-43fe-aea7-13c933842a33
*** Element info: {Using=xpath, value=//td[text()='Chindhu Abraham					  					  ']/following-sibling::*[5]/a[1]}
	at validationsOfManageUsersPage.DeleteAUser.deleteUserChindhuAbraham(DeleteAUser.java:24)
</failure>
  </testcase>
  <testcase name="deleteUserChindhuAbraham" classname="validationsOfManageUsersPage.DeleteAUser" time="0.23">
    <failure message="Unable to locate element: //td[text()=&apos;Chindhu Abraham					  					  &apos;]/following-sibling::*[5]/a[1]&#10;For documentation on this error, please visit: http://seleniumhq.org/exceptions/no_such_element.html&#10;Build info: version: &apos;3.6.0&apos;, revision: &apos;6fbf3ec767&apos;, time: &apos;2017-09-27T15:28:36.4Z&apos;&#10;System info: host: &apos;ANVER-PC&apos;, ip: &apos;192.168.118.124&apos;, os.name: &apos;Windows 7&apos;, os.arch: &apos;amd64&apos;, os.version: &apos;6.1&apos;, java.version: &apos;1.8.0_281&apos;&#10;Driver info: org.openqa.selenium.firefox.FirefoxDriver&#10;Capabilities [{moz:profile=C:\Users\ANVER\AppData\Local\Temp\rust_mozprofilehLq9nG, moz:geckodriverVersion=0.29.1, timeouts={implicit=0, pageLoad=300000, script=30000}, pageLoadStrategy=normal, unhandledPromptBehavior=dismiss and notify, strictFileInteractability=false, moz:headless=false, platform=WINDOWS, proxy=Proxy(), moz:accessibilityChecks=false, moz:useNonSpecCompliantPointerOrigin=false, acceptInsecureCerts=true, browserVersion=90.0.2, moz:shutdownTimeout=60000, platformVersion=6.1, moz:processID=7324, browserName=firefox, moz:buildID=20210721174149, javascriptEnabled=true, platformName=WINDOWS, setWindowRect=true, moz:webdriverClick=true}]&#10;Session ID: df873635-5ac2-43f0-b8f1-d017860083a0&#10;*** Element info: {Using=xpath, value=//td[text()=&apos;Chindhu Abraham					  					  &apos;]/following-sibling::*[5]/a[1]}" type="org.openqa.selenium.NoSuchElementException">org.openqa.selenium.NoSuchElementException: 
Unable to locate element: //td[text()='Chindhu Abraham					  					  ']/following-sibling::*[5]/a[1]
For documentation on this error, please visit: http://seleniumhq.org/exceptions/no_such_element.html
Build info: version: '3.6.0', revision: '6fbf3ec767', time: '2017-09-27T15:28:36.4Z'
System info: host: 'ANVER-PC', ip: '192.168.118.124', os.name: 'Windows 7', os.arch: 'amd64', os.version: '6.1', java.version: '1.8.0_281'
Driver info: org.openqa.selenium.firefox.FirefoxDriver
Capabilities [{moz:profile=C:\Users\ANVER\AppData\Local\Temp\rust_mozprofilehLq9nG, moz:geckodriverVersion=0.29.1, timeouts={implicit=0, pageLoad=300000, script=30000}, pageLoadStrategy=normal, unhandledPromptBehavior=dismiss and notify, strictFileInteractability=false, moz:headless=false, platform=WINDOWS, proxy=Proxy(), moz:accessibilityChecks=false, moz:useNonSpecCompliantPointerOrigin=false, acceptInsecureCerts=true, browserVersion=90.0.2, moz:shutdownTimeout=60000, platformVersion=6.1, moz:processID=7324, browserName=firefox, moz:buildID=20210721174149, javascriptEnabled=true, platformName=WINDOWS, setWindowRect=true, moz:webdriverClick=true}]
Session ID: df873635-5ac2-43f0-b8f1-d017860083a0
*** Element info: {Using=xpath, value=//td[text()='Chindhu Abraham					  					  ']/following-sibling::*[5]/a[1]}
	at validationsOfManageUsersPage.DeleteAUser.deleteUserChindhuAbraham(DeleteAUser.java:24)
</failure>
  </testcase>
</testsuite>